2019-01-16 14:43:06 [restartedMain] INFO  c.c.s.SpringCrudAppApplication -
				Starting SpringCrudAppApplication on CTPLDTP051 with PID 3732 (D:\workspace\SpringCrudApp\target\classes started by rahul.patidar in D:\workspace\SpringCrudApp)
2019-01-16 14:43:06 [restartedMain] DEBUG c.c.s.SpringCrudAppApplication -
				Running with Spring Boot v2.1.1.RELEASE, Spring v5.1.3.RELEASE
2019-01-16 14:43:06 [restartedMain] INFO  c.c.s.SpringCrudAppApplication -
				No active profile set, falling back to default profiles: default
2019-01-16 14:45:57 [restartedMain] INFO  c.c.s.SpringCrudAppApplication -
				Starting SpringCrudAppApplication on CTPLDTP051 with PID 6656 (D:\workspace\SpringCrudApp\target\classes started by rahul.patidar in D:\workspace\SpringCrudApp)
2019-01-16 14:45:57 [restartedMain] DEBUG c.c.s.SpringCrudAppApplication -
				Running with Spring Boot v2.1.1.RELEASE, Spring v5.1.3.RELEASE
2019-01-16 14:45:57 [restartedMain] INFO  c.c.s.SpringCrudAppApplication -
				No active profile set, falling back to default profiles: default
2019-01-16 14:46:36 [restartedMain] INFO  c.c.s.SpringCrudAppApplication -
				Starting SpringCrudAppApplication on CTPLDTP051 with PID 3976 (D:\workspace\SpringCrudApp\target\classes started by rahul.patidar in D:\workspace\SpringCrudApp)
2019-01-16 14:46:36 [restartedMain] DEBUG c.c.s.SpringCrudAppApplication -
				Running with Spring Boot v2.1.1.RELEASE, Spring v5.1.3.RELEASE
2019-01-16 14:46:36 [restartedMain] INFO  c.c.s.SpringCrudAppApplication -
				No active profile set, falling back to default profiles: default
2019-01-16 14:46:40 [restartedMain] INFO  c.c.s.SpringCrudAppApplication -
				Started SpringCrudAppApplication in 3.886 seconds (JVM running for 4.578)
2019-01-16 17:40:30 [restartedMain] INFO  c.c.s.SpringCrudAppApplication -
				Starting SpringCrudAppApplication on CTPLDTP051 with PID 3976 (D:\workspace\SpringCrudApp\target\classes started by rahul.patidar in D:\workspace\SpringCrudApp)
2019-01-16 17:40:30 [restartedMain] DEBUG c.c.s.SpringCrudAppApplication -
				Running with Spring Boot v2.1.1.RELEASE, Spring v5.1.3.RELEASE
2019-01-16 17:40:30 [restartedMain] INFO  c.c.s.SpringCrudAppApplication -
				No active profile set, falling back to default profiles: default
2019-01-16 17:40:30 [restartedMain] INFO  c.c.s.SpringCrudAppApplication -
				Started SpringCrudAppApplication in 0.86 seconds (JVM running for 10434.624)
2019-01-16 17:42:05 [restartedMain] INFO  c.c.s.SpringCrudAppApplication -
				Starting SpringCrudAppApplication on CTPLDTP051 with PID 3976 (D:\workspace\SpringCrudApp\target\classes started by rahul.patidar in D:\workspace\SpringCrudApp)
2019-01-16 17:42:05 [restartedMain] DEBUG c.c.s.SpringCrudAppApplication -
				Running with Spring Boot v2.1.1.RELEASE, Spring v5.1.3.RELEASE
2019-01-16 17:42:05 [restartedMain] INFO  c.c.s.SpringCrudAppApplication -
				No active profile set, falling back to default profiles: default
2019-01-16 17:43:26 [restartedMain] INFO  c.c.s.SpringCrudAppApplication -
				Starting SpringCrudAppApplication on CTPLDTP051 with PID 8428 (D:\workspace\SpringCrudApp\target\classes started by rahul.patidar in D:\workspace\SpringCrudApp)
2019-01-16 17:43:26 [restartedMain] DEBUG c.c.s.SpringCrudAppApplication -
				Running with Spring Boot v2.1.1.RELEASE, Spring v5.1.3.RELEASE
2019-01-16 17:43:26 [restartedMain] INFO  c.c.s.SpringCrudAppApplication -
				No active profile set, falling back to default profiles: default
2019-01-16 17:43:30 [restartedMain] INFO  c.c.s.SpringCrudAppApplication -
				Started SpringCrudAppApplication in 3.76 seconds (JVM running for 4.53)
2019-01-16 17:47:01 [restartedMain] INFO  c.c.s.SpringCrudAppApplication -
				Starting SpringCrudAppApplication on CTPLDTP051 with PID 8428 (D:\workspace\SpringCrudApp\target\classes started by rahul.patidar in D:\workspace\SpringCrudApp)
2019-01-16 17:47:01 [restartedMain] DEBUG c.c.s.SpringCrudAppApplication -
				Running with Spring Boot v2.1.1.RELEASE, Spring v5.1.3.RELEASE
2019-01-16 17:47:01 [restartedMain] INFO  c.c.s.SpringCrudAppApplication -
				No active profile set, falling back to default profiles: default
2019-01-16 17:47:02 [restartedMain] INFO  c.c.s.SpringCrudAppApplication -
				Started SpringCrudAppApplication in 0.753 seconds (JVM running for 216.922)
2019-01-16 17:47:18 [restartedMain] INFO  c.c.s.SpringCrudAppApplication -
				Starting SpringCrudAppApplication on CTPLDTP051 with PID 5868 (D:\workspace\SpringCrudApp\target\classes started by rahul.patidar in D:\workspace\SpringCrudApp)
2019-01-16 17:47:18 [restartedMain] DEBUG c.c.s.SpringCrudAppApplication -
				Running with Spring Boot v2.1.1.RELEASE, Spring v5.1.3.RELEASE
2019-01-16 17:47:18 [restartedMain] INFO  c.c.s.SpringCrudAppApplication -
				No active profile set, falling back to default profiles: default
2019-01-16 17:47:21 [restartedMain] INFO  c.c.s.SpringCrudAppApplication -
				Started SpringCrudAppApplication in 3.631 seconds (JVM running for 4.33)
2019-01-16 17:47:34 [restartedMain] INFO  c.c.s.SpringCrudAppApplication -
				Starting SpringCrudAppApplication on CTPLDTP051 with PID 4992 (D:\workspace\SpringCrudApp\target\classes started by rahul.patidar in D:\workspace\SpringCrudApp)
2019-01-16 17:47:34 [restartedMain] DEBUG c.c.s.SpringCrudAppApplication -
				Running with Spring Boot v2.1.1.RELEASE, Spring v5.1.3.RELEASE
2019-01-16 17:47:34 [restartedMain] INFO  c.c.s.SpringCrudAppApplication -
				No active profile set, falling back to default profiles: default
2019-01-16 17:47:37 [restartedMain] INFO  c.c.s.SpringCrudAppApplication -
				Started SpringCrudAppApplication in 3.576 seconds (JVM running for 4.287)
2019-01-16 17:47:40 [restartedMain] INFO  c.c.s.SpringCrudAppApplication -
				Starting SpringCrudAppApplication on CTPLDTP051 with PID 9928 (D:\workspace\SpringCrudApp\target\classes started by rahul.patidar in D:\workspace\SpringCrudApp)
2019-01-16 17:47:40 [restartedMain] DEBUG c.c.s.SpringCrudAppApplication -
				Running with Spring Boot v2.1.1.RELEASE, Spring v5.1.3.RELEASE
2019-01-16 17:47:40 [restartedMain] INFO  c.c.s.SpringCrudAppApplication -
				No active profile set, falling back to default profiles: default
2019-01-16 17:47:43 [restartedMain] INFO  c.c.s.SpringCrudAppApplication -
				Started SpringCrudAppApplication in 3.502 seconds (JVM running for 4.251)
2019-01-16 17:47:47 [restartedMain] INFO  c.c.s.SpringCrudAppApplication -
				Starting SpringCrudAppApplication on CTPLDTP051 with PID 9928 (D:\workspace\SpringCrudApp\target\classes started by rahul.patidar in D:\workspace\SpringCrudApp)
2019-01-16 17:47:47 [restartedMain] DEBUG c.c.s.SpringCrudAppApplication -
				Running with Spring Boot v2.1.1.RELEASE, Spring v5.1.3.RELEASE
2019-01-16 17:47:47 [restartedMain] INFO  c.c.s.SpringCrudAppApplication -
				No active profile set, falling back to default profiles: default
2019-01-16 17:47:47 [restartedMain] INFO  c.c.s.SpringCrudAppApplication -
				Started SpringCrudAppApplication in 0.76 seconds (JVM running for 8.586)
2019-01-16 17:47:55 [restartedMain] INFO  c.c.s.SpringCrudAppApplication -
				Starting SpringCrudAppApplication on CTPLDTP051 with PID 9928 (D:\workspace\SpringCrudApp\target\classes started by rahul.patidar in D:\workspace\SpringCrudApp)
2019-01-16 17:47:55 [restartedMain] DEBUG c.c.s.SpringCrudAppApplication -
				Running with Spring Boot v2.1.1.RELEASE, Spring v5.1.3.RELEASE
2019-01-16 17:47:55 [restartedMain] INFO  c.c.s.SpringCrudAppApplication -
				No active profile set, falling back to default profiles: default
2019-01-16 17:47:56 [restartedMain] INFO  c.c.s.SpringCrudAppApplication -
				Started SpringCrudAppApplication in 0.681 seconds (JVM running for 16.987)
2019-01-16 17:48:19 [restartedMain] INFO  c.c.s.SpringCrudAppApplication -
				Starting SpringCrudAppApplication on CTPLDTP051 with PID 7804 (D:\workspace\SpringCrudApp\target\classes started by rahul.patidar in D:\workspace\SpringCrudApp)
2019-01-16 17:48:19 [restartedMain] DEBUG c.c.s.SpringCrudAppApplication -
				Running with Spring Boot v2.1.1.RELEASE, Spring v5.1.3.RELEASE
2019-01-16 17:48:19 [restartedMain] INFO  c.c.s.SpringCrudAppApplication -
				No active profile set, falling back to default profiles: default
2019-01-16 17:48:22 [restartedMain] INFO  c.c.s.SpringCrudAppApplication -
				Started SpringCrudAppApplication in 3.573 seconds (JVM running for 4.29)
2019-01-16 17:48:28 [restartedMain] INFO  c.c.s.SpringCrudAppApplication -
				Starting SpringCrudAppApplication on CTPLDTP051 with PID 10080 (D:\workspace\SpringCrudApp\target\classes started by rahul.patidar in D:\workspace\SpringCrudApp)
2019-01-16 17:48:28 [restartedMain] DEBUG c.c.s.SpringCrudAppApplication -
				Running with Spring Boot v2.1.1.RELEASE, Spring v5.1.3.RELEASE
2019-01-16 17:48:28 [restartedMain] INFO  c.c.s.SpringCrudAppApplication -
				No active profile set, falling back to default profiles: default
2019-01-16 17:48:32 [restartedMain] INFO  c.c.s.SpringCrudAppApplication -
				Started SpringCrudAppApplication in 3.51 seconds (JVM running for 4.272)
2019-01-16 17:48:43 [restartedMain] INFO  c.c.s.SpringCrudAppApplication -
				Starting SpringCrudAppApplication on CTPLDTP051 with PID 10080 (D:\workspace\SpringCrudApp\target\classes started by rahul.patidar in D:\workspace\SpringCrudApp)
2019-01-16 17:48:43 [restartedMain] INFO  c.c.s.SpringCrudAppApplication -
				No active profile set, falling back to default profiles: default
2019-01-16 17:48:44 [restartedMain] INFO  c.c.s.SpringCrudAppApplication -
				Started SpringCrudAppApplication in 0.754 seconds (JVM running for 16.647)
2019-01-16 17:48:54 [restartedMain] INFO  c.c.s.SpringCrudAppApplication -
				Starting SpringCrudAppApplication on CTPLDTP051 with PID 300 (D:\workspace\SpringCrudApp\target\classes started by rahul.patidar in D:\workspace\SpringCrudApp)
2019-01-16 17:48:54 [restartedMain] INFO  c.c.s.SpringCrudAppApplication -
				No active profile set, falling back to default profiles: default
2019-01-16 17:48:57 [restartedMain] INFO  c.c.s.SpringCrudAppApplication -
				Started SpringCrudAppApplication in 3.528 seconds (JVM running for 4.213)
2019-01-16 17:49:57 [restartedMain] INFO  c.c.s.SpringCrudAppApplication -
				Starting SpringCrudAppApplication on CTPLDTP051 with PID 9720 (D:\workspace\SpringCrudApp\target\classes started by rahul.patidar in D:\workspace\SpringCrudApp)
2019-01-16 17:49:57 [restartedMain] INFO  c.c.s.SpringCrudAppApplication -
				No active profile set, falling back to default profiles: default
2019-01-16 17:50:00 [restartedMain] INFO  c.c.s.SpringCrudAppApplication -
				Started SpringCrudAppApplication in 3.291 seconds (JVM running for 4.004)
2019-01-16 17:53:12 [restartedMain] INFO  c.c.s.SpringCrudAppApplication -
				Starting SpringCrudAppApplication on CTPLDTP051 with PID 9720 (D:\workspace\SpringCrudApp\target\classes started by rahul.patidar in D:\workspace\SpringCrudApp)
2019-01-16 17:53:12 [restartedMain] INFO  c.c.s.SpringCrudAppApplication -
				No active profile set, falling back to default profiles: default
2019-01-16 17:53:12 [restartedMain] INFO  c.c.s.SpringCrudAppApplication -
				Started SpringCrudAppApplication in 0.656 seconds (JVM running for 196.136)
2019-01-16 17:54:30 [restartedMain] INFO  c.c.s.SpringCrudAppApplication -
				Starting SpringCrudAppApplication on CTPLDTP051 with PID 9720 (D:\workspace\SpringCrudApp\target\classes started by rahul.patidar in D:\workspace\SpringCrudApp)
2019-01-16 17:54:30 [restartedMain] INFO  c.c.s.SpringCrudAppApplication -
				No active profile set, falling back to default profiles: default
2019-01-16 17:54:31 [restartedMain] INFO  c.c.s.SpringCrudAppApplication -
				Started SpringCrudAppApplication in 0.659 seconds (JVM running for 274.578)
2019-01-16 17:55:07 [restartedMain] INFO  c.c.s.SpringCrudAppApplication -
				Starting SpringCrudAppApplication on CTPLDTP051 with PID 9720 (D:\workspace\SpringCrudApp\target\classes started by rahul.patidar in D:\workspace\SpringCrudApp)
2019-01-16 17:55:07 [restartedMain] INFO  c.c.s.SpringCrudAppApplication -
				No active profile set, falling back to default profiles: default
2019-01-16 17:55:07 [restartedMain] INFO  c.c.s.SpringCrudAppApplication -
				Started SpringCrudAppApplication in 0.679 seconds (JVM running for 311.065)
2019-01-16 17:55:09 [restartedMain] INFO  c.c.s.SpringCrudAppApplication -
				Starting SpringCrudAppApplication on CTPLDTP051 with PID 9720 (D:\workspace\SpringCrudApp\target\classes started by rahul.patidar in D:\workspace\SpringCrudApp)
2019-01-16 17:55:09 [restartedMain] INFO  c.c.s.SpringCrudAppApplication -
				No active profile set, falling back to default profiles: default
2019-01-16 17:55:10 [restartedMain] INFO  c.c.s.SpringCrudAppApplication -
				Started SpringCrudAppApplication in 0.588 seconds (JVM running for 313.324)
2019-01-16 17:55:36 [restartedMain] INFO  c.c.s.SpringCrudAppApplication -
				Starting SpringCrudAppApplication on CTPLDTP051 with PID 9720 (D:\workspace\SpringCrudApp\target\classes started by rahul.patidar in D:\workspace\SpringCrudApp)
2019-01-16 17:55:36 [restartedMain] INFO  c.c.s.SpringCrudAppApplication -
				No active profile set, falling back to default profiles: default
2019-01-16 17:55:37 [restartedMain] INFO  c.c.s.SpringCrudAppApplication -
				Started SpringCrudAppApplication in 0.586 seconds (JVM running for 340.62)
2019-01-16 18:20:36 [restartedMain] INFO  c.c.s.SpringCrudAppApplication -
				Starting SpringCrudAppApplication on CTPLDTP051 with PID 9720 (D:\workspace\SpringCrudApp\target\classes started by rahul.patidar in D:\workspace\SpringCrudApp)
2019-01-16 18:20:36 [restartedMain] INFO  c.c.s.SpringCrudAppApplication -
				No active profile set, falling back to default profiles: default
2019-01-16 18:20:37 [restartedMain] INFO  c.c.s.SpringCrudAppApplication -
				Started SpringCrudAppApplication in 0.581 seconds (JVM running for 1840.318)
2019-01-16 19:46:04 [restartedMain] INFO  c.c.s.SpringCrudAppApplication -
				Starting SpringCrudAppApplication on CTPLDTP051 with PID 9720 (D:\workspace\SpringCrudApp\target\classes started by rahul.patidar in D:\workspace\SpringCrudApp)
2019-01-16 19:46:04 [restartedMain] INFO  c.c.s.SpringCrudAppApplication -
				No active profile set, falling back to default profiles: default
2019-01-16 19:46:05 [restartedMain] INFO  c.c.s.SpringCrudAppApplication -
				Started SpringCrudAppApplication in 0.676 seconds (JVM running for 6967.787)
2019-01-16 19:46:20 [restartedMain] INFO  c.c.s.SpringCrudAppApplication -
				Starting SpringCrudAppApplication on CTPLDTP051 with PID 4220 (D:\workspace\SpringCrudApp\target\classes started by rahul.patidar in D:\workspace\SpringCrudApp)
2019-01-16 19:46:20 [restartedMain] INFO  c.c.s.SpringCrudAppApplication -
				No active profile set, falling back to default profiles: default
2019-01-16 19:46:24 [restartedMain] INFO  c.c.s.SpringCrudAppApplication -
				Started SpringCrudAppApplication in 3.359 seconds (JVM running for 4.052)
